<?xml version="1.0" encoding="UTF-8"?>
<!-- Generated by org.testng.reporters.JUnitReportReporter -->
<testsuite hostname="DESKTOP-ON8312J" failures="0" tests="3" name="seleniumnucoteveningsessionTestNG.AnnotationDemo" time="0.010" errors="0" timestamp="08 Jun 2023 15:53:07 GMT" skipped="0">
  <testcase classname="seleniumnucoteveningsessionTestNG.AnnotationDemo" name="test3" time="0.002"/>
  <testcase classname="seleniumnucoteveningsessionTestNG.AnnotationDemo" name="test1" time="0.006"/>
  <testcase classname="seleniumnucoteveningsessionTestNG.AnnotationDemo" name="test2" time="0.002"/>
</testsuite> <!-- seleniumnucoteveningsessionTestNG.AnnotationDemo -->
